[1.662s] Invoking command in '/root/ros2_ws/IRS-Labx/pa_warehouse_status': PYTHONPATH=/root/ros2_ws/IRS-Labx/build/pa_warehouse_status/prefix_override:/usr/lib/python3/dist-packages/colcon_core/task/python/colcon_distutils_commands:/root/ros2_ws/IRS-Labx/install/pa_warehouse_status/lib/python3.10/site-packages:${PYTHONPATH} /usr/bin/python3 -W ignore:setup.py install is deprecated -W ignore:easy_install command is deprecated setup.py egg_info --egg-base ../build/pa_warehouse_status build --build-base /root/ros2_ws/IRS-Labx/build/pa_warehouse_status/build install --record /root/ros2_ws/IRS-Labx/build/pa_warehouse_status/install.log --single-version-externally-managed install_data
[2.183s] running egg_info
[2.184s] writing ../build/pa_warehouse_status/pa_warehouse_status.egg-info/PKG-INFO
[2.187s] writing dependency_links to ../build/pa_warehouse_status/pa_warehouse_status.egg-info/dependency_links.txt
[2.188s] writing entry points to ../build/pa_warehouse_status/pa_warehouse_status.egg-info/entry_points.txt
[2.188s] writing requirements to ../build/pa_warehouse_status/pa_warehouse_status.egg-info/requires.txt
[2.188s] writing top-level names to ../build/pa_warehouse_status/pa_warehouse_status.egg-info/top_level.txt
[2.189s] reading manifest file '../build/pa_warehouse_status/pa_warehouse_status.egg-info/SOURCES.txt'
[2.189s] adding license file 'LICENSE'
[2.191s] writing manifest file '../build/pa_warehouse_status/pa_warehouse_status.egg-info/SOURCES.txt'
[2.192s] running build
[2.192s] running build_py
[2.192s] running install
[2.192s] running install_lib
[2.195s] running install_data
[2.196s] running install_egg_info
[2.198s] removing '/root/ros2_ws/IRS-Labx/install/pa_warehouse_status/lib/python3.10/site-packages/pa_warehouse_status-0.0.0-py3.10.egg-info' (and everything under it)
[2.199s] Copying ../build/pa_warehouse_status/pa_warehouse_status.egg-info to /root/ros2_ws/IRS-Labx/install/pa_warehouse_status/lib/python3.10/site-packages/pa_warehouse_status-0.0.0-py3.10.egg-info
[2.200s] running install_scripts
[2.236s] Installing pineapple_gossip_bot script to /root/ros2_ws/IRS-Labx/install/pa_warehouse_status/lib/pa_warehouse_status
[2.237s] writing list of installed files to '/root/ros2_ws/IRS-Labx/build/pa_warehouse_status/install.log'
[2.289s] Invoked command in '/root/ros2_ws/IRS-Labx/pa_warehouse_status' returned '0': PYTHONPATH=/root/ros2_ws/IRS-Labx/build/pa_warehouse_status/prefix_override:/usr/lib/python3/dist-packages/colcon_core/task/python/colcon_distutils_commands:/root/ros2_ws/IRS-Labx/install/pa_warehouse_status/lib/python3.10/site-packages:${PYTHONPATH} /usr/bin/python3 -W ignore:setup.py install is deprecated -W ignore:easy_install command is deprecated setup.py egg_info --egg-base ../build/pa_warehouse_status build --build-base /root/ros2_ws/IRS-Labx/build/pa_warehouse_status/build install --record /root/ros2_ws/IRS-Labx/build/pa_warehouse_status/install.log --single-version-externally-managed install_data
