[1.787s] Invoking command in '/root/ros2_ws/IRS-Labx/pa_warehouse_status': PYTHONPATH=/root/ros2_ws/IRS-Labx/build/pa_warehouse_status/prefix_override:/usr/lib/python3/dist-packages/colcon_core/task/python/colcon_distutils_commands:/root/ros2_ws/IRS-Labx/install/pa_warehouse_status/lib/python3.10/site-packages:${PYTHONPATH} /usr/bin/python3 -W ignore:setup.py install is deprecated -W ignore:easy_install command is deprecated setup.py egg_info --egg-base ../build/pa_warehouse_status build --build-base /root/ros2_ws/IRS-Labx/build/pa_warehouse_status/build install --record /root/ros2_ws/IRS-Labx/build/pa_warehouse_status/install.log --single-version-externally-managed install_data
[2.173s] running egg_info
[2.174s] creating ../build/pa_warehouse_status/pa_warehouse_status.egg-info
[2.175s] writing ../build/pa_warehouse_status/pa_warehouse_status.egg-info/PKG-INFO
[2.175s] writing dependency_links to ../build/pa_warehouse_status/pa_warehouse_status.egg-info/dependency_links.txt
[2.176s] writing entry points to ../build/pa_warehouse_status/pa_warehouse_status.egg-info/entry_points.txt
[2.176s] writing requirements to ../build/pa_warehouse_status/pa_warehouse_status.egg-info/requires.txt
[2.176s] writing top-level names to ../build/pa_warehouse_status/pa_warehouse_status.egg-info/top_level.txt
[2.176s] writing manifest file '../build/pa_warehouse_status/pa_warehouse_status.egg-info/SOURCES.txt'
[2.178s] reading manifest file '../build/pa_warehouse_status/pa_warehouse_status.egg-info/SOURCES.txt'
[2.179s] adding license file 'LICENSE'
[2.179s] writing manifest file '../build/pa_warehouse_status/pa_warehouse_status.egg-info/SOURCES.txt'
[2.180s] running build
[2.180s] running build_py
[2.181s] creating /root/ros2_ws/IRS-Labx/build/pa_warehouse_status/build
[2.181s] creating /root/ros2_ws/IRS-Labx/build/pa_warehouse_status/build/lib
[2.181s] creating /root/ros2_ws/IRS-Labx/build/pa_warehouse_status/build/lib/pa_warehouse_status
[2.181s] copying pa_warehouse_status/pineapple_gossip_bot.py -> /root/ros2_ws/IRS-Labx/build/pa_warehouse_status/build/lib/pa_warehouse_status
[2.181s] copying pa_warehouse_status/__init__.py -> /root/ros2_ws/IRS-Labx/build/pa_warehouse_status/build/lib/pa_warehouse_status
[2.181s] running install
[2.182s] running install_lib
[2.184s] creating /root/ros2_ws/IRS-Labx/install/pa_warehouse_status/lib/python3.10/site-packages/pa_warehouse_status
[2.184s] copying /root/ros2_ws/IRS-Labx/build/pa_warehouse_status/build/lib/pa_warehouse_status/pineapple_gossip_bot.py -> /root/ros2_ws/IRS-Labx/install/pa_warehouse_status/lib/python3.10/site-packages/pa_warehouse_status
[2.184s] copying /root/ros2_ws/IRS-Labx/build/pa_warehouse_status/build/lib/pa_warehouse_status/__init__.py -> /root/ros2_ws/IRS-Labx/install/pa_warehouse_status/lib/python3.10/site-packages/pa_warehouse_status
[2.185s] byte-compiling /root/ros2_ws/IRS-Labx/install/pa_warehouse_status/lib/python3.10/site-packages/pa_warehouse_status/pineapple_gossip_bot.py to pineapple_gossip_bot.cpython-310.pyc
[2.186s] byte-compiling /root/ros2_ws/IRS-Labx/install/pa_warehouse_status/lib/python3.10/site-packages/pa_warehouse_status/__init__.py to __init__.cpython-310.pyc
[2.186s] running install_data
[2.186s] creating /root/ros2_ws/IRS-Labx/install/pa_warehouse_status/share/ament_index
[2.187s] creating /root/ros2_ws/IRS-Labx/install/pa_warehouse_status/share/ament_index/resource_index
[2.187s] creating /root/ros2_ws/IRS-Labx/install/pa_warehouse_status/share/ament_index/resource_index/packages
[2.187s] copying resource/pa_warehouse_status -> /root/ros2_ws/IRS-Labx/install/pa_warehouse_status/share/ament_index/resource_index/packages
[2.187s] copying package.xml -> /root/ros2_ws/IRS-Labx/install/pa_warehouse_status/share/pa_warehouse_status
[2.188s] running install_egg_info
[2.190s] Copying ../build/pa_warehouse_status/pa_warehouse_status.egg-info to /root/ros2_ws/IRS-Labx/install/pa_warehouse_status/lib/python3.10/site-packages/pa_warehouse_status-0.0.0-py3.10.egg-info
[2.191s] running install_scripts
[2.258s] Installing pineapple_gossip_bot script to /root/ros2_ws/IRS-Labx/install/pa_warehouse_status/lib/pa_warehouse_status
[2.260s] writing list of installed files to '/root/ros2_ws/IRS-Labx/build/pa_warehouse_status/install.log'
[2.342s] Invoked command in '/root/ros2_ws/IRS-Labx/pa_warehouse_status' returned '0': PYTHONPATH=/root/ros2_ws/IRS-Labx/build/pa_warehouse_status/prefix_override:/usr/lib/python3/dist-packages/colcon_core/task/python/colcon_distutils_commands:/root/ros2_ws/IRS-Labx/install/pa_warehouse_status/lib/python3.10/site-packages:${PYTHONPATH} /usr/bin/python3 -W ignore:setup.py install is deprecated -W ignore:easy_install command is deprecated setup.py egg_info --egg-base ../build/pa_warehouse_status build --build-base /root/ros2_ws/IRS-Labx/build/pa_warehouse_status/build install --record /root/ros2_ws/IRS-Labx/build/pa_warehouse_status/install.log --single-version-externally-managed install_data
