[0.322s] DEBUG:colcon:Command line arguments: ['/usr/bin/colcon', 'build', '--packages-select', 'hand_solo_virtual_nav']
[0.323s] DEBUG:colcon:Parsed command line arguments: Namespace(log_base=None, log_level=None, verb_name='build', build_base='build', install_base='install', merge_install=False, symlink_install=False, test_result_base=None, continue_on_error=False, executor='parallel', parallel_workers=12, event_handlers=None, ignore_user_meta=False, metas=['./colcon.meta'], base_paths=['.'], packages_ignore=None, packages_ignore_regex=None, paths=None, packages_up_to=None, packages_up_to_regex=None, packages_above=None, packages_above_and_dependencies=None, packages_above_depth=None, packages_select_by_dep=None, packages_skip_by_dep=None, packages_skip_up_to=None, packages_select_build_failed=False, packages_skip_build_finished=False, packages_select_test_failures=False, packages_skip_test_passed=False, packages_select=['hand_solo_virtual_nav'], packages_skip=None, packages_select_regex=None, packages_skip_regex=None, packages_start=None, packages_end=None, cmake_args=None, cmake_target=None, cmake_target_skip_unavailable=False, cmake_clean_cache=False, cmake_clean_first=False, cmake_force_configure=False, ament_cmake_args=None, catkin_cmake_args=None, catkin_skip_building_tests=False, mixin_files=None, mixin=None, verb_parser=<colcon_mixin.mixin.mixin_argument.MixinArgumentDecorator object at 0x73b0b25ab3a0>, verb_extension=<colcon_core.verb.build.BuildVerb object at 0x73b0b25aac20>, main=<bound method BuildVerb.main of <colcon_core.verb.build.BuildVerb object at 0x73b0b25aac20>>, mixin_verb=('build',))
[0.610s] Level 1:colcon.colcon_core.package_discovery:discover_packages(colcon_meta) check parameters
[0.612s] INFO:colcon.colcon_metadata.package_discovery.colcon_meta:Using configuration from '/root/.colcon/metadata/default/Gazebo.meta'
[0.614s] INFO:colcon.colcon_metadata.package_discovery.colcon_meta:Using configuration from '/root/.colcon/metadata/default/fastdds.meta'
[0.615s] INFO:colcon.colcon_metadata.package_discovery.colcon_meta:Using configuration from '/root/.colcon/metadata/default/fastrtps.meta'
[0.616s] Level 1:colcon.colcon_core.package_discovery:discover_packages(recursive) check parameters
[0.616s] Level 1:colcon.colcon_core.package_discovery:discover_packages(ignore) check parameters
[0.616s] Level 1:colcon.colcon_core.package_discovery:discover_packages(path) check parameters
[0.616s] Level 1:colcon.colcon_core.package_discovery:discover_packages(colcon_meta) discover
[0.616s] Level 1:colcon.colcon_core.package_discovery:discover_packages(recursive) discover
[0.616s] INFO:colcon.colcon_core.package_discovery:Crawling recursively for packages in '/root/ros2_ws/IRS-Labx'
[0.617s] Level 1:colcon.colcon_core.package_identification:_identify(.) by extensions ['ignore', 'ignore_ament_install']
[0.617s] Level 1:colcon.colcon_core.package_identification:_identify(.) by extension 'ignore'
[0.617s] Level 1:colcon.colcon_core.package_identification:_identify(.) by extension 'ignore_ament_install'
[0.617s] Level 1:colcon.colcon_core.package_identification:_identify(.) by extensions ['colcon_pkg']
[0.618s] Level 1:colcon.colcon_core.package_identification:_identify(.) by extension 'colcon_pkg'
[0.618s] Level 1:colcon.colcon_core.package_identification:_identify(.) by extensions ['colcon_meta']
[0.618s] Level 1:colcon.colcon_core.package_identification:_identify(.) by extension 'colcon_meta'
[0.618s] Level 1:colcon.colcon_core.package_identification:_identify(.) by extensions ['ros']
[0.618s] Level 1:colcon.colcon_core.package_identification:_identify(.) by extension 'ros'
[0.661s] Level 1:colcon.colcon_core.package_identification:_identify(.) by extensions ['cmake', 'python']
[0.661s] Level 1:colcon.colcon_core.package_identification:_identify(.) by extension 'cmake'
[0.662s] Level 1:colcon.colcon_core.package_identification:_identify(.) by extension 'python'
[0.662s] Level 1:colcon.colcon_core.package_identification:_identify(.) by extensions ['python_setup_py']
[0.662s] Level 1:colcon.colcon_core.package_identification:_identify(.) by extension 'python_setup_py'
[0.663s] Level 1:colcon.colcon_core.package_identification:_identify(build) by extensions ['ignore', 'ignore_ament_install']
[0.663s] Level 1:colcon.colcon_core.package_identification:_identify(build) by extension 'ignore'
[0.664s] Level 1:colcon.colcon_core.package_identification:_identify(build) ignored
[0.664s] Level 1:colcon.colcon_core.package_identification:_identify(hand_solo_virtual_nav) by extensions ['ignore', 'ignore_ament_install']
[0.665s] Level 1:colcon.colcon_core.package_identification:_identify(hand_solo_virtual_nav) by extension 'ignore'
[0.665s] Level 1:colcon.colcon_core.package_identification:_identify(hand_solo_virtual_nav) by extension 'ignore_ament_install'
[0.665s] Level 1:colcon.colcon_core.package_identification:_identify(hand_solo_virtual_nav) by extensions ['colcon_pkg']
[0.665s] Level 1:colcon.colcon_core.package_identification:_identify(hand_solo_virtual_nav) by extension 'colcon_pkg'
[0.665s] Level 1:colcon.colcon_core.package_identification:_identify(hand_solo_virtual_nav) by extensions ['colcon_meta']
[0.665s] Level 1:colcon.colcon_core.package_identification:_identify(hand_solo_virtual_nav) by extension 'colcon_meta'
[0.666s] Level 1:colcon.colcon_core.package_identification:_identify(hand_solo_virtual_nav) by extensions ['ros']
[0.666s] Level 1:colcon.colcon_core.package_identification:_identify(hand_solo_virtual_nav) by extension 'ros'
[0.675s] DEBUG:colcon.colcon_core.package_identification:Package 'hand_solo_virtual_nav' with type 'ros.ament_python' and name 'hand_solo_virtual_nav'
[0.676s] Level 1:colcon.colcon_core.package_identification:_identify(install) by extensions ['ignore', 'ignore_ament_install']
[0.676s] Level 1:colcon.colcon_core.package_identification:_identify(install) by extension 'ignore'
[0.676s] Level 1:colcon.colcon_core.package_identification:_identify(install) ignored
[0.677s] Level 1:colcon.colcon_core.package_identification:_identify(log) by extensions ['ignore', 'ignore_ament_install']
[0.677s] Level 1:colcon.colcon_core.package_identification:_identify(log) by extension 'ignore'
[0.677s] Level 1:colcon.colcon_core.package_identification:_identify(log) ignored
[0.677s] Level 1:colcon.colcon_core.package_identification:_identify(pa_warehouse_status) by extensions ['ignore', 'ignore_ament_install']
[0.678s] Level 1:colcon.colcon_core.package_identification:_identify(pa_warehouse_status) by extension 'ignore'
[0.678s] Level 1:colcon.colcon_core.package_identification:_identify(pa_warehouse_status) by extension 'ignore_ament_install'
[0.678s] Level 1:colcon.colcon_core.package_identification:_identify(pa_warehouse_status) by extensions ['colcon_pkg']
[0.678s] Level 1:colcon.colcon_core.package_identification:_identify(pa_warehouse_status) by extension 'colcon_pkg'
[0.678s] Level 1:colcon.colcon_core.package_identification:_identify(pa_warehouse_status) by extensions ['colcon_meta']
[0.678s] Level 1:colcon.colcon_core.package_identification:_identify(pa_warehouse_status) by extension 'colcon_meta'
[0.678s] Level 1:colcon.colcon_core.package_identification:_identify(pa_warehouse_status) by extensions ['ros']
[0.678s] Level 1:colcon.colcon_core.package_identification:_identify(pa_warehouse_status) by extension 'ros'
[0.681s] DEBUG:colcon.colcon_core.package_identification:Package 'pa_warehouse_status' with type 'ros.ament_python' and name 'pa_warehouse_status'
[0.681s] Level 1:colcon.colcon_core.package_discovery:discover_packages(recursive) using defaults
[0.681s] Level 1:colcon.colcon_core.package_discovery:discover_packages(ignore) discover
[0.681s] Level 1:colcon.colcon_core.package_discovery:discover_packages(ignore) using defaults
[0.682s] Level 1:colcon.colcon_core.package_discovery:discover_packages(path) discover
[0.682s] Level 1:colcon.colcon_core.package_discovery:discover_packages(path) using defaults
[0.729s] INFO:colcon.colcon_core.package_selection:Skipping not selected package 'pa_warehouse_status' in 'pa_warehouse_status'
[0.730s] Level 5:colcon.colcon_core.verb:set package 'hand_solo_virtual_nav' build argument 'cmake_args' from command line to 'None'
[0.730s] Level 5:colcon.colcon_core.verb:set package 'hand_solo_virtual_nav' build argument 'cmake_target' from command line to 'None'
[0.730s] Level 5:colcon.colcon_core.verb:set package 'hand_solo_virtual_nav' build argument 'cmake_target_skip_unavailable' from command line to 'False'
[0.730s] Level 5:colcon.colcon_core.verb:set package 'hand_solo_virtual_nav' build argument 'cmake_clean_cache' from command line to 'False'
[0.730s] Level 5:colcon.colcon_core.verb:set package 'hand_solo_virtual_nav' build argument 'cmake_clean_first' from command line to 'False'
[0.730s] Level 5:colcon.colcon_core.verb:set package 'hand_solo_virtual_nav' build argument 'cmake_force_configure' from command line to 'False'
[0.730s] Level 5:colcon.colcon_core.verb:set package 'hand_solo_virtual_nav' build argument 'ament_cmake_args' from command line to 'None'
[0.730s] Level 5:colcon.colcon_core.verb:set package 'hand_solo_virtual_nav' build argument 'catkin_cmake_args' from command line to 'None'
[0.730s] Level 5:colcon.colcon_core.verb:set package 'hand_solo_virtual_nav' build argument 'catkin_skip_building_tests' from command line to 'False'
[0.730s] DEBUG:colcon.colcon_core.verb:Building package 'hand_solo_virtual_nav' with the following arguments: {'ament_cmake_args': None, 'build_base': '/root/ros2_ws/IRS-Labx/build/hand_solo_virtual_nav', 'catkin_cmake_args': None, 'catkin_skip_building_tests': False, 'cmake_args': None, 'cmake_clean_cache': False, 'cmake_clean_first': False, 'cmake_force_configure': False, 'cmake_target': None, 'cmake_target_skip_unavailable': False, 'install_base': '/root/ros2_ws/IRS-Labx/install/hand_solo_virtual_nav', 'merge_install': False, 'path': '/root/ros2_ws/IRS-Labx/hand_solo_virtual_nav', 'symlink_install': False, 'test_result_base': None}
[0.731s] INFO:colcon.colcon_core.executor:Executing jobs using 'parallel' executor
[0.733s] DEBUG:colcon.colcon_parallel_executor.executor.parallel:run_until_complete
[0.734s] INFO:colcon.colcon_ros.task.ament_python.build:Building ROS package in '/root/ros2_ws/IRS-Labx/hand_solo_virtual_nav' with build type 'ament_python'
[0.734s] Level 1:colcon.colcon_core.shell:create_environment_hook('hand_solo_virtual_nav', 'ament_prefix_path')
[0.737s] INFO:colcon.colcon_core.plugin_system:Skipping extension 'colcon_core.shell.bat': Not used on non-Windows systems
[0.737s] INFO:colcon.colcon_core.shell:Creating environment hook '/root/ros2_ws/IRS-Labx/install/hand_solo_virtual_nav/share/hand_solo_virtual_nav/hook/ament_prefix_path.ps1'
[0.738s] INFO:colcon.colcon_core.shell:Creating environment descriptor '/root/ros2_ws/IRS-Labx/install/hand_solo_virtual_nav/share/hand_solo_virtual_nav/hook/ament_prefix_path.dsv'
[0.739s] INFO:colcon.colcon_core.shell:Creating environment hook '/root/ros2_ws/IRS-Labx/install/hand_solo_virtual_nav/share/hand_solo_virtual_nav/hook/ament_prefix_path.sh'
[0.741s] INFO:colcon.colcon_core.shell:Skip shell extension 'powershell' for command environment: Not usable outside of PowerShell
[0.742s] DEBUG:colcon.colcon_core.shell:Skip shell extension 'dsv' for command environment
[1.314s] INFO:colcon.colcon_core.task.python.build:Building Python package in '/root/ros2_ws/IRS-Labx/hand_solo_virtual_nav'
[1.314s] INFO:colcon.colcon_core.shell:Skip shell extension 'powershell' for command environment: Not usable outside of PowerShell
[1.315s] DEBUG:colcon.colcon_core.shell:Skip shell extension 'dsv' for command environment
[2.208s] DEBUG:colcon.colcon_core.event_handler.log_command:Invoking command in '/root/ros2_ws/IRS-Labx/hand_solo_virtual_nav': PYTHONPATH=/root/ros2_ws/IRS-Labx/build/hand_solo_virtual_nav/prefix_override:/usr/lib/python3/dist-packages/colcon_core/task/python/colcon_distutils_commands:/root/ros2_ws/IRS-Labx/install/hand_solo_virtual_nav/lib/python3.10/site-packages:${PYTHONPATH} /usr/bin/python3 -W ignore:setup.py install is deprecated -W ignore:easy_install command is deprecated setup.py egg_info --egg-base ../build/hand_solo_virtual_nav build --build-base /root/ros2_ws/IRS-Labx/build/hand_solo_virtual_nav/build install --record /root/ros2_ws/IRS-Labx/build/hand_solo_virtual_nav/install.log --single-version-externally-managed install_data
[2.838s] DEBUG:colcon.colcon_core.event_handler.log_command:Invoked command in '/root/ros2_ws/IRS-Labx/hand_solo_virtual_nav' returned '0': PYTHONPATH=/root/ros2_ws/IRS-Labx/build/hand_solo_virtual_nav/prefix_override:/usr/lib/python3/dist-packages/colcon_core/task/python/colcon_distutils_commands:/root/ros2_ws/IRS-Labx/install/hand_solo_virtual_nav/lib/python3.10/site-packages:${PYTHONPATH} /usr/bin/python3 -W ignore:setup.py install is deprecated -W ignore:easy_install command is deprecated setup.py egg_info --egg-base ../build/hand_solo_virtual_nav build --build-base /root/ros2_ws/IRS-Labx/build/hand_solo_virtual_nav/build install --record /root/ros2_ws/IRS-Labx/build/hand_solo_virtual_nav/install.log --single-version-externally-managed install_data
[2.848s] Level 1:colcon.colcon_core.environment:checking '/root/ros2_ws/IRS-Labx/install/hand_solo_virtual_nav' for CMake module files
[2.849s] Level 1:colcon.colcon_core.environment:checking '/root/ros2_ws/IRS-Labx/install/hand_solo_virtual_nav' for CMake config files
[2.852s] Level 1:colcon.colcon_core.environment:checking '/root/ros2_ws/IRS-Labx/install/hand_solo_virtual_nav/lib'
[2.853s] Level 1:colcon.colcon_core.environment:checking '/root/ros2_ws/IRS-Labx/install/hand_solo_virtual_nav/bin'
[2.854s] Level 1:colcon.colcon_core.environment:checking '/root/ros2_ws/IRS-Labx/install/hand_solo_virtual_nav/lib/pkgconfig/hand_solo_virtual_nav.pc'
[2.855s] Level 1:colcon.colcon_core.environment:checking '/root/ros2_ws/IRS-Labx/install/hand_solo_virtual_nav/lib/python3.10/site-packages'
[2.855s] Level 1:colcon.colcon_core.shell:create_environment_hook('hand_solo_virtual_nav', 'pythonpath')
[2.856s] INFO:colcon.colcon_core.shell:Creating environment hook '/root/ros2_ws/IRS-Labx/install/hand_solo_virtual_nav/share/hand_solo_virtual_nav/hook/pythonpath.ps1'
[2.858s] INFO:colcon.colcon_core.shell:Creating environment descriptor '/root/ros2_ws/IRS-Labx/install/hand_solo_virtual_nav/share/hand_solo_virtual_nav/hook/pythonpath.dsv'
[2.860s] INFO:colcon.colcon_core.shell:Creating environment hook '/root/ros2_ws/IRS-Labx/install/hand_solo_virtual_nav/share/hand_solo_virtual_nav/hook/pythonpath.sh'
[2.863s] Level 1:colcon.colcon_core.environment:checking '/root/ros2_ws/IRS-Labx/install/hand_solo_virtual_nav/bin'
[2.864s] Level 1:colcon.colcon_core.environment:create_environment_scripts_only(hand_solo_virtual_nav)
[2.865s] INFO:colcon.colcon_core.shell:Creating package script '/root/ros2_ws/IRS-Labx/install/hand_solo_virtual_nav/share/hand_solo_virtual_nav/package.ps1'
[2.870s] INFO:colcon.colcon_core.shell:Creating package descriptor '/root/ros2_ws/IRS-Labx/install/hand_solo_virtual_nav/share/hand_solo_virtual_nav/package.dsv'
[2.873s] INFO:colcon.colcon_core.shell:Creating package script '/root/ros2_ws/IRS-Labx/install/hand_solo_virtual_nav/share/hand_solo_virtual_nav/package.sh'
[2.877s] INFO:colcon.colcon_core.shell:Creating package script '/root/ros2_ws/IRS-Labx/install/hand_solo_virtual_nav/share/hand_solo_virtual_nav/package.bash'
[2.881s] INFO:colcon.colcon_core.shell:Creating package script '/root/ros2_ws/IRS-Labx/install/hand_solo_virtual_nav/share/hand_solo_virtual_nav/package.zsh'
[2.885s] Level 1:colcon.colcon_core.environment:create_file_with_runtime_dependencies(/root/ros2_ws/IRS-Labx/install/hand_solo_virtual_nav/share/colcon-core/packages/hand_solo_virtual_nav)
[2.886s] DEBUG:colcon.colcon_parallel_executor.executor.parallel:closing loop
[2.888s] DEBUG:colcon.colcon_parallel_executor.executor.parallel:loop closed
[2.889s] DEBUG:colcon.colcon_parallel_executor.executor.parallel:run_until_complete finished with '0'
[2.889s] DEBUG:colcon.colcon_core.event_reactor:joining thread
[2.910s] INFO:colcon.colcon_core.plugin_system:Skipping extension 'colcon_notification.desktop_notification.notify_send': Could not find 'notify-send'
[2.911s] INFO:colcon.colcon_core.plugin_system:Skipping extension 'colcon_notification.desktop_notification.terminal_notifier': Not used on non-Darwin systems
[2.911s] INFO:colcon.colcon_core.plugin_system:Skipping extension 'colcon_notification.desktop_notification.win32': Not used on non-Windows systems
[2.911s] INFO:colcon.colcon_notification.desktop_notification:Sending desktop notification using 'notify2'
[2.920s] DEBUG:colcon.colcon_notification.desktop_notification.notify2:Failed to initialize notify2: org.freedesktop.DBus.Error.Spawn.ExecFailed: /usr/bin/dbus-launch terminated abnormally without any error message
[2.922s] DEBUG:colcon.colcon_core.event_reactor:joined thread
[2.924s] INFO:colcon.colcon_core.shell:Creating prefix script '/root/ros2_ws/IRS-Labx/install/local_setup.ps1'
[2.930s] INFO:colcon.colcon_core.shell:Creating prefix util module '/root/ros2_ws/IRS-Labx/install/_local_setup_util_ps1.py'
[2.935s] INFO:colcon.colcon_core.shell:Creating prefix chain script '/root/ros2_ws/IRS-Labx/install/setup.ps1'
[2.937s] INFO:colcon.colcon_core.shell:Creating prefix script '/root/ros2_ws/IRS-Labx/install/local_setup.sh'
[2.938s] INFO:colcon.colcon_core.shell:Creating prefix util module '/root/ros2_ws/IRS-Labx/install/_local_setup_util_sh.py'
[2.939s] INFO:colcon.colcon_core.shell:Creating prefix chain script '/root/ros2_ws/IRS-Labx/install/setup.sh'
[2.940s] INFO:colcon.colcon_core.shell:Creating prefix script '/root/ros2_ws/IRS-Labx/install/local_setup.bash'
[2.941s] INFO:colcon.colcon_core.shell:Creating prefix chain script '/root/ros2_ws/IRS-Labx/install/setup.bash'
[2.944s] INFO:colcon.colcon_core.shell:Creating prefix script '/root/ros2_ws/IRS-Labx/install/local_setup.zsh'
[2.947s] INFO:colcon.colcon_core.shell:Creating prefix chain script '/root/ros2_ws/IRS-Labx/install/setup.zsh'
