[0.222s] DEBUG:colcon:Command line arguments: ['/usr/bin/colcon', 'build', '--packages-select', 'hand_solo_virtual_nav']
[0.222s] DEBUG:colcon:Parsed command line arguments: Namespace(log_base=None, log_level=None, verb_name='build', build_base='build', install_base='install', merge_install=False, symlink_install=False, test_result_base=None, continue_on_error=False, executor='parallel', parallel_workers=12, event_handlers=None, ignore_user_meta=False, metas=['./colcon.meta'], base_paths=['.'], packages_ignore=None, packages_ignore_regex=None, paths=None, packages_up_to=None, packages_up_to_regex=None, packages_above=None, packages_above_and_dependencies=None, packages_above_depth=None, packages_select_by_dep=None, packages_skip_by_dep=None, packages_skip_up_to=None, packages_select_build_failed=False, packages_skip_build_finished=False, packages_select_test_failures=False, packages_skip_test_passed=False, packages_select=['hand_solo_virtual_nav'], packages_skip=None, packages_select_regex=None, packages_skip_regex=None, packages_start=None, packages_end=None, cmake_args=None, cmake_target=None, cmake_target_skip_unavailable=False, cmake_clean_cache=False, cmake_clean_first=False, cmake_force_configure=False, ament_cmake_args=None, catkin_cmake_args=None, catkin_skip_building_tests=False, mixin_files=None, mixin=None, verb_parser=<colcon_mixin.mixin.mixin_argument.MixinArgumentDecorator object at 0x720cfef4ae90>, verb_extension=<colcon_core.verb.build.BuildVerb object at 0x720cfef4a710>, main=<bound method BuildVerb.main of <colcon_core.verb.build.BuildVerb object at 0x720cfef4a710>>, mixin_verb=('build',))
[0.454s] Level 1:colcon.colcon_core.package_discovery:discover_packages(colcon_meta) check parameters
[0.455s] INFO:colcon.colcon_metadata.package_discovery.colcon_meta:Using configuration from '/root/.colcon/metadata/default/Gazebo.meta'
[0.456s] INFO:colcon.colcon_metadata.package_discovery.colcon_meta:Using configuration from '/root/.colcon/metadata/default/fastdds.meta'
[0.457s] INFO:colcon.colcon_metadata.package_discovery.colcon_meta:Using configuration from '/root/.colcon/metadata/default/fastrtps.meta'
[0.457s] Level 1:colcon.colcon_core.package_discovery:discover_packages(recursive) check parameters
[0.457s] Level 1:colcon.colcon_core.package_discovery:discover_packages(ignore) check parameters
[0.458s] Level 1:colcon.colcon_core.package_discovery:discover_packages(path) check parameters
[0.458s] Level 1:colcon.colcon_core.package_discovery:discover_packages(colcon_meta) discover
[0.458s] Level 1:colcon.colcon_core.package_discovery:discover_packages(recursive) discover
[0.458s] INFO:colcon.colcon_core.package_discovery:Crawling recursively for packages in '/root/ros2_ws/IRS-Labx'
[0.458s] Level 1:colcon.colcon_core.package_identification:_identify(.) by extensions ['ignore', 'ignore_ament_install']
[0.458s] Level 1:colcon.colcon_core.package_identification:_identify(.) by extension 'ignore'
[0.459s] Level 1:colcon.colcon_core.package_identification:_identify(.) by extension 'ignore_ament_install'
[0.459s] Level 1:colcon.colcon_core.package_identification:_identify(.) by extensions ['colcon_pkg']
[0.459s] Level 1:colcon.colcon_core.package_identification:_identify(.) by extension 'colcon_pkg'
[0.459s] Level 1:colcon.colcon_core.package_identification:_identify(.) by extensions ['colcon_meta']
[0.459s] Level 1:colcon.colcon_core.package_identification:_identify(.) by extension 'colcon_meta'
[0.459s] Level 1:colcon.colcon_core.package_identification:_identify(.) by extensions ['ros']
[0.459s] Level 1:colcon.colcon_core.package_identification:_identify(.) by extension 'ros'
[0.475s] Level 1:colcon.colcon_core.package_identification:_identify(.) by extensions ['cmake', 'python']
[0.475s] Level 1:colcon.colcon_core.package_identification:_identify(.) by extension 'cmake'
[0.475s] Level 1:colcon.colcon_core.package_identification:_identify(.) by extension 'python'
[0.475s] Level 1:colcon.colcon_core.package_identification:_identify(.) by extensions ['python_setup_py']
[0.475s] Level 1:colcon.colcon_core.package_identification:_identify(.) by extension 'python_setup_py'
[0.475s] Level 1:colcon.colcon_core.package_identification:_identify(build) by extensions ['ignore', 'ignore_ament_install']
[0.476s] Level 1:colcon.colcon_core.package_identification:_identify(build) by extension 'ignore'
[0.476s] Level 1:colcon.colcon_core.package_identification:_identify(build) ignored
[0.476s] Level 1:colcon.colcon_core.package_identification:_identify(hand_solo_virtual_nav) by extensions ['ignore', 'ignore_ament_install']
[0.476s] Level 1:colcon.colcon_core.package_identification:_identify(hand_solo_virtual_nav) by extension 'ignore'
[0.476s] Level 1:colcon.colcon_core.package_identification:_identify(hand_solo_virtual_nav) by extension 'ignore_ament_install'
[0.476s] Level 1:colcon.colcon_core.package_identification:_identify(hand_solo_virtual_nav) by extensions ['colcon_pkg']
[0.476s] Level 1:colcon.colcon_core.package_identification:_identify(hand_solo_virtual_nav) by extension 'colcon_pkg'
[0.476s] Level 1:colcon.colcon_core.package_identification:_identify(hand_solo_virtual_nav) by extensions ['colcon_meta']
[0.476s] Level 1:colcon.colcon_core.package_identification:_identify(hand_solo_virtual_nav) by extension 'colcon_meta'
[0.476s] Level 1:colcon.colcon_core.package_identification:_identify(hand_solo_virtual_nav) by extensions ['ros']
[0.477s] Level 1:colcon.colcon_core.package_identification:_identify(hand_solo_virtual_nav) by extension 'ros'
[0.480s] DEBUG:colcon.colcon_core.package_identification:Package 'hand_solo_virtual_nav' with type 'ros.ament_python' and name 'hand_solo_virtual_nav'
[0.480s] Level 1:colcon.colcon_core.package_identification:_identify(install) by extensions ['ignore', 'ignore_ament_install']
[0.480s] Level 1:colcon.colcon_core.package_identification:_identify(install) by extension 'ignore'
[0.480s] Level 1:colcon.colcon_core.package_identification:_identify(install) ignored
[0.481s] Level 1:colcon.colcon_core.package_identification:_identify(log) by extensions ['ignore', 'ignore_ament_install']
[0.481s] Level 1:colcon.colcon_core.package_identification:_identify(log) by extension 'ignore'
[0.481s] Level 1:colcon.colcon_core.package_identification:_identify(log) ignored
[0.481s] Level 1:colcon.colcon_core.package_identification:_identify(pa_warehouse_status) by extensions ['ignore', 'ignore_ament_install']
[0.481s] Level 1:colcon.colcon_core.package_identification:_identify(pa_warehouse_status) by extension 'ignore'
[0.481s] Level 1:colcon.colcon_core.package_identification:_identify(pa_warehouse_status) by extension 'ignore_ament_install'
[0.481s] Level 1:colcon.colcon_core.package_identification:_identify(pa_warehouse_status) by extensions ['colcon_pkg']
[0.481s] Level 1:colcon.colcon_core.package_identification:_identify(pa_warehouse_status) by extension 'colcon_pkg'
[0.481s] Level 1:colcon.colcon_core.package_identification:_identify(pa_warehouse_status) by extensions ['colcon_meta']
[0.481s] Level 1:colcon.colcon_core.package_identification:_identify(pa_warehouse_status) by extension 'colcon_meta'
[0.481s] Level 1:colcon.colcon_core.package_identification:_identify(pa_warehouse_status) by extensions ['ros']
[0.481s] Level 1:colcon.colcon_core.package_identification:_identify(pa_warehouse_status) by extension 'ros'
[0.482s] DEBUG:colcon.colcon_core.package_identification:Package 'pa_warehouse_status' with type 'ros.ament_python' and name 'pa_warehouse_status'
[0.482s] Level 1:colcon.colcon_core.package_discovery:discover_packages(recursive) using defaults
[0.483s] Level 1:colcon.colcon_core.package_discovery:discover_packages(ignore) discover
[0.483s] Level 1:colcon.colcon_core.package_discovery:discover_packages(ignore) using defaults
[0.483s] Level 1:colcon.colcon_core.package_discovery:discover_packages(path) discover
[0.483s] Level 1:colcon.colcon_core.package_discovery:discover_packages(path) using defaults
[0.513s] INFO:colcon.colcon_core.package_selection:Skipping not selected package 'pa_warehouse_status' in 'pa_warehouse_status'
[0.514s] Level 5:colcon.colcon_core.verb:set package 'hand_solo_virtual_nav' build argument 'cmake_args' from command line to 'None'
[0.514s] Level 5:colcon.colcon_core.verb:set package 'hand_solo_virtual_nav' build argument 'cmake_target' from command line to 'None'
[0.514s] Level 5:colcon.colcon_core.verb:set package 'hand_solo_virtual_nav' build argument 'cmake_target_skip_unavailable' from command line to 'False'
[0.514s] Level 5:colcon.colcon_core.verb:set package 'hand_solo_virtual_nav' build argument 'cmake_clean_cache' from command line to 'False'
[0.514s] Level 5:colcon.colcon_core.verb:set package 'hand_solo_virtual_nav' build argument 'cmake_clean_first' from command line to 'False'
[0.514s] Level 5:colcon.colcon_core.verb:set package 'hand_solo_virtual_nav' build argument 'cmake_force_configure' from command line to 'False'
[0.514s] Level 5:colcon.colcon_core.verb:set package 'hand_solo_virtual_nav' build argument 'ament_cmake_args' from command line to 'None'
[0.514s] Level 5:colcon.colcon_core.verb:set package 'hand_solo_virtual_nav' build argument 'catkin_cmake_args' from command line to 'None'
[0.514s] Level 5:colcon.colcon_core.verb:set package 'hand_solo_virtual_nav' build argument 'catkin_skip_building_tests' from command line to 'False'
[0.514s] DEBUG:colcon.colcon_core.verb:Building package 'hand_solo_virtual_nav' with the following arguments: {'ament_cmake_args': None, 'build_base': '/root/ros2_ws/IRS-Labx/build/hand_solo_virtual_nav', 'catkin_cmake_args': None, 'catkin_skip_building_tests': False, 'cmake_args': None, 'cmake_clean_cache': False, 'cmake_clean_first': False, 'cmake_force_configure': False, 'cmake_target': None, 'cmake_target_skip_unavailable': False, 'install_base': '/root/ros2_ws/IRS-Labx/install/hand_solo_virtual_nav', 'merge_install': False, 'path': '/root/ros2_ws/IRS-Labx/hand_solo_virtual_nav', 'symlink_install': False, 'test_result_base': None}
[0.515s] INFO:colcon.colcon_core.executor:Executing jobs using 'parallel' executor
[0.516s] DEBUG:colcon.colcon_parallel_executor.executor.parallel:run_until_complete
[0.517s] INFO:colcon.colcon_ros.task.ament_python.build:Building ROS package in '/root/ros2_ws/IRS-Labx/hand_solo_virtual_nav' with build type 'ament_python'
[0.517s] Level 1:colcon.colcon_core.shell:create_environment_hook('hand_solo_virtual_nav', 'ament_prefix_path')
[0.520s] INFO:colcon.colcon_core.plugin_system:Skipping extension 'colcon_core.shell.bat': Not used on non-Windows systems
[0.521s] INFO:colcon.colcon_core.shell:Creating environment hook '/root/ros2_ws/IRS-Labx/install/hand_solo_virtual_nav/share/hand_solo_virtual_nav/hook/ament_prefix_path.ps1'
[0.522s] INFO:colcon.colcon_core.shell:Creating environment descriptor '/root/ros2_ws/IRS-Labx/install/hand_solo_virtual_nav/share/hand_solo_virtual_nav/hook/ament_prefix_path.dsv'
[0.523s] INFO:colcon.colcon_core.shell:Creating environment hook '/root/ros2_ws/IRS-Labx/install/hand_solo_virtual_nav/share/hand_solo_virtual_nav/hook/ament_prefix_path.sh'
[0.524s] INFO:colcon.colcon_core.shell:Skip shell extension 'powershell' for command environment: Not usable outside of PowerShell
[0.524s] DEBUG:colcon.colcon_core.shell:Skip shell extension 'dsv' for command environment
[1.084s] INFO:colcon.colcon_core.task.python.build:Building Python package in '/root/ros2_ws/IRS-Labx/hand_solo_virtual_nav'
[1.085s] INFO:colcon.colcon_core.shell:Skip shell extension 'powershell' for command environment: Not usable outside of PowerShell
[1.085s] DEBUG:colcon.colcon_core.shell:Skip shell extension 'dsv' for command environment
[1.690s] DEBUG:colcon.colcon_core.event_handler.log_command:Invoking command in '/root/ros2_ws/IRS-Labx/hand_solo_virtual_nav': PYTHONPATH=/root/ros2_ws/IRS-Labx/build/hand_solo_virtual_nav/prefix_override:/usr/lib/python3/dist-packages/colcon_core/task/python/colcon_distutils_commands:/root/ros2_ws/IRS-Labx/install/hand_solo_virtual_nav/lib/python3.10/site-packages:${PYTHONPATH} /usr/bin/python3 -W ignore:setup.py install is deprecated -W ignore:easy_install command is deprecated setup.py egg_info --egg-base ../build/hand_solo_virtual_nav build --build-base /root/ros2_ws/IRS-Labx/build/hand_solo_virtual_nav/build install --record /root/ros2_ws/IRS-Labx/build/hand_solo_virtual_nav/install.log --single-version-externally-managed install_data
[2.255s] DEBUG:colcon.colcon_core.event_handler.log_command:Invoked command in '/root/ros2_ws/IRS-Labx/hand_solo_virtual_nav' returned '0': PYTHONPATH=/root/ros2_ws/IRS-Labx/build/hand_solo_virtual_nav/prefix_override:/usr/lib/python3/dist-packages/colcon_core/task/python/colcon_distutils_commands:/root/ros2_ws/IRS-Labx/install/hand_solo_virtual_nav/lib/python3.10/site-packages:${PYTHONPATH} /usr/bin/python3 -W ignore:setup.py install is deprecated -W ignore:easy_install command is deprecated setup.py egg_info --egg-base ../build/hand_solo_virtual_nav build --build-base /root/ros2_ws/IRS-Labx/build/hand_solo_virtual_nav/build install --record /root/ros2_ws/IRS-Labx/build/hand_solo_virtual_nav/install.log --single-version-externally-managed install_data
[2.261s] Level 1:colcon.colcon_core.environment:checking '/root/ros2_ws/IRS-Labx/install/hand_solo_virtual_nav' for CMake module files
[2.263s] Level 1:colcon.colcon_core.environment:checking '/root/ros2_ws/IRS-Labx/install/hand_solo_virtual_nav' for CMake config files
[2.265s] Level 1:colcon.colcon_core.environment:checking '/root/ros2_ws/IRS-Labx/install/hand_solo_virtual_nav/lib'
[2.267s] Level 1:colcon.colcon_core.environment:checking '/root/ros2_ws/IRS-Labx/install/hand_solo_virtual_nav/bin'
[2.267s] Level 1:colcon.colcon_core.environment:checking '/root/ros2_ws/IRS-Labx/install/hand_solo_virtual_nav/lib/pkgconfig/hand_solo_virtual_nav.pc'
[2.268s] Level 1:colcon.colcon_core.environment:checking '/root/ros2_ws/IRS-Labx/install/hand_solo_virtual_nav/lib/python3.10/site-packages'
[2.268s] Level 1:colcon.colcon_core.shell:create_environment_hook('hand_solo_virtual_nav', 'pythonpath')
[2.269s] INFO:colcon.colcon_core.shell:Creating environment hook '/root/ros2_ws/IRS-Labx/install/hand_solo_virtual_nav/share/hand_solo_virtual_nav/hook/pythonpath.ps1'
[2.271s] INFO:colcon.colcon_core.shell:Creating environment descriptor '/root/ros2_ws/IRS-Labx/install/hand_solo_virtual_nav/share/hand_solo_virtual_nav/hook/pythonpath.dsv'
[2.272s] INFO:colcon.colcon_core.shell:Creating environment hook '/root/ros2_ws/IRS-Labx/install/hand_solo_virtual_nav/share/hand_solo_virtual_nav/hook/pythonpath.sh'
[2.273s] Level 1:colcon.colcon_core.environment:checking '/root/ros2_ws/IRS-Labx/install/hand_solo_virtual_nav/bin'
[2.274s] Level 1:colcon.colcon_core.environment:create_environment_scripts_only(hand_solo_virtual_nav)
[2.275s] INFO:colcon.colcon_core.shell:Creating package script '/root/ros2_ws/IRS-Labx/install/hand_solo_virtual_nav/share/hand_solo_virtual_nav/package.ps1'
[2.277s] INFO:colcon.colcon_core.shell:Creating package descriptor '/root/ros2_ws/IRS-Labx/install/hand_solo_virtual_nav/share/hand_solo_virtual_nav/package.dsv'
[2.279s] INFO:colcon.colcon_core.shell:Creating package script '/root/ros2_ws/IRS-Labx/install/hand_solo_virtual_nav/share/hand_solo_virtual_nav/package.sh'
[2.281s] INFO:colcon.colcon_core.shell:Creating package script '/root/ros2_ws/IRS-Labx/install/hand_solo_virtual_nav/share/hand_solo_virtual_nav/package.bash'
[2.284s] INFO:colcon.colcon_core.shell:Creating package script '/root/ros2_ws/IRS-Labx/install/hand_solo_virtual_nav/share/hand_solo_virtual_nav/package.zsh'
[2.286s] Level 1:colcon.colcon_core.environment:create_file_with_runtime_dependencies(/root/ros2_ws/IRS-Labx/install/hand_solo_virtual_nav/share/colcon-core/packages/hand_solo_virtual_nav)
[2.287s] DEBUG:colcon.colcon_parallel_executor.executor.parallel:closing loop
[2.288s] DEBUG:colcon.colcon_parallel_executor.executor.parallel:loop closed
[2.288s] DEBUG:colcon.colcon_parallel_executor.executor.parallel:run_until_complete finished with '0'
[2.288s] DEBUG:colcon.colcon_core.event_reactor:joining thread
[2.295s] INFO:colcon.colcon_core.plugin_system:Skipping extension 'colcon_notification.desktop_notification.notify_send': Could not find 'notify-send'
[2.295s] INFO:colcon.colcon_core.plugin_system:Skipping extension 'colcon_notification.desktop_notification.terminal_notifier': Not used on non-Darwin systems
[2.295s] INFO:colcon.colcon_core.plugin_system:Skipping extension 'colcon_notification.desktop_notification.win32': Not used on non-Windows systems
[2.295s] INFO:colcon.colcon_notification.desktop_notification:Sending desktop notification using 'notify2'
[2.300s] DEBUG:colcon.colcon_notification.desktop_notification.notify2:Failed to initialize notify2: org.freedesktop.DBus.Error.Spawn.ExecFailed: /usr/bin/dbus-launch terminated abnormally without any error message
[2.301s] DEBUG:colcon.colcon_core.event_reactor:joined thread
[2.303s] INFO:colcon.colcon_core.shell:Creating prefix script '/root/ros2_ws/IRS-Labx/install/local_setup.ps1'
[2.308s] INFO:colcon.colcon_core.shell:Creating prefix util module '/root/ros2_ws/IRS-Labx/install/_local_setup_util_ps1.py'
[2.313s] INFO:colcon.colcon_core.shell:Creating prefix chain script '/root/ros2_ws/IRS-Labx/install/setup.ps1'
[2.319s] INFO:colcon.colcon_core.shell:Creating prefix script '/root/ros2_ws/IRS-Labx/install/local_setup.sh'
[2.321s] INFO:colcon.colcon_core.shell:Creating prefix util module '/root/ros2_ws/IRS-Labx/install/_local_setup_util_sh.py'
[2.325s] INFO:colcon.colcon_core.shell:Creating prefix chain script '/root/ros2_ws/IRS-Labx/install/setup.sh'
[2.330s] INFO:colcon.colcon_core.shell:Creating prefix script '/root/ros2_ws/IRS-Labx/install/local_setup.bash'
[2.332s] INFO:colcon.colcon_core.shell:Creating prefix chain script '/root/ros2_ws/IRS-Labx/install/setup.bash'
[2.336s] INFO:colcon.colcon_core.shell:Creating prefix script '/root/ros2_ws/IRS-Labx/install/local_setup.zsh'
[2.338s] INFO:colcon.colcon_core.shell:Creating prefix chain script '/root/ros2_ws/IRS-Labx/install/setup.zsh'
