[1.181s] Invoking command in '/root/ros2_ws/IRS-Labx/pa_warehouse_status': PYTHONPATH=/root/ros2_ws/IRS-Labx/build/pa_warehouse_status/prefix_override:/usr/lib/python3/dist-packages/colcon_core/task/python/colcon_distutils_commands:/root/ros2_ws/IRS-Labx/install/pa_warehouse_status/lib/python3.10/site-packages:${PYTHONPATH} /usr/bin/python3 -W ignore:setup.py install is deprecated -W ignore:easy_install command is deprecated setup.py egg_info --egg-base ../build/pa_warehouse_status build --build-base /root/ros2_ws/IRS-Labx/build/pa_warehouse_status/build install --record /root/ros2_ws/IRS-Labx/build/pa_warehouse_status/install.log --single-version-externally-managed install_data
[1.504s] running egg_info
[1.504s] writing ../build/pa_warehouse_status/pa_warehouse_status.egg-info/PKG-INFO
[1.505s] writing dependency_links to ../build/pa_warehouse_status/pa_warehouse_status.egg-info/dependency_links.txt
[1.505s] writing entry points to ../build/pa_warehouse_status/pa_warehouse_status.egg-info/entry_points.txt
[1.506s] writing requirements to ../build/pa_warehouse_status/pa_warehouse_status.egg-info/requires.txt
[1.506s] writing top-level names to ../build/pa_warehouse_status/pa_warehouse_status.egg-info/top_level.txt
[1.508s] reading manifest file '../build/pa_warehouse_status/pa_warehouse_status.egg-info/SOURCES.txt'
[1.508s] adding license file 'LICENSE'
[1.509s] writing manifest file '../build/pa_warehouse_status/pa_warehouse_status.egg-info/SOURCES.txt'
[1.510s] running build
[1.510s] running build_py
[1.511s] running install
[1.511s] running install_lib
[1.513s] running install_data
[1.513s] running install_egg_info
[1.517s] removing '/root/ros2_ws/IRS-Labx/install/pa_warehouse_status/lib/python3.10/site-packages/pa_warehouse_status-0.0.0-py3.10.egg-info' (and everything under it)
[1.517s] Copying ../build/pa_warehouse_status/pa_warehouse_status.egg-info to /root/ros2_ws/IRS-Labx/install/pa_warehouse_status/lib/python3.10/site-packages/pa_warehouse_status-0.0.0-py3.10.egg-info
[1.518s] running install_scripts
[1.561s] Installing pineapple_gossip_bot script to /root/ros2_ws/IRS-Labx/install/pa_warehouse_status/lib/pa_warehouse_status
[1.562s] writing list of installed files to '/root/ros2_ws/IRS-Labx/build/pa_warehouse_status/install.log'
[1.601s] Invoked command in '/root/ros2_ws/IRS-Labx/pa_warehouse_status' returned '0': PYTHONPATH=/root/ros2_ws/IRS-Labx/build/pa_warehouse_status/prefix_override:/usr/lib/python3/dist-packages/colcon_core/task/python/colcon_distutils_commands:/root/ros2_ws/IRS-Labx/install/pa_warehouse_status/lib/python3.10/site-packages:${PYTHONPATH} /usr/bin/python3 -W ignore:setup.py install is deprecated -W ignore:easy_install command is deprecated setup.py egg_info --egg-base ../build/pa_warehouse_status build --build-base /root/ros2_ws/IRS-Labx/build/pa_warehouse_status/build install --record /root/ros2_ws/IRS-Labx/build/pa_warehouse_status/install.log --single-version-externally-managed install_data
