[1.676s] Invoking command in '/root/ros2_ws/IRS-Labx/hand_solo_virtual_nav': PYTHONPATH=/root/ros2_ws/IRS-Labx/build/hand_solo_virtual_nav/prefix_override:/usr/lib/python3/dist-packages/colcon_core/task/python/colcon_distutils_commands:/root/ros2_ws/IRS-Labx/install/hand_solo_virtual_nav/lib/python3.10/site-packages:${PYTHONPATH} /usr/bin/python3 -W ignore:setup.py install is deprecated -W ignore:easy_install command is deprecated setup.py egg_info --egg-base ../build/hand_solo_virtual_nav build --build-base /root/ros2_ws/IRS-Labx/build/hand_solo_virtual_nav/build install --record /root/ros2_ws/IRS-Labx/build/hand_solo_virtual_nav/install.log --single-version-externally-managed install_data
[2.336s] running egg_info
[2.339s] writing ../build/hand_solo_virtual_nav/hand_solo_virtual_nav.egg-info/PKG-INFO
[2.341s] writing dependency_links to ../build/hand_solo_virtual_nav/hand_solo_virtual_nav.egg-info/dependency_links.txt
[2.341s] writing entry points to ../build/hand_solo_virtual_nav/hand_solo_virtual_nav.egg-info/entry_points.txt
[2.342s] writing requirements to ../build/hand_solo_virtual_nav/hand_solo_virtual_nav.egg-info/requires.txt
[2.342s] writing top-level names to ../build/hand_solo_virtual_nav/hand_solo_virtual_nav.egg-info/top_level.txt
[2.349s] reading manifest file '../build/hand_solo_virtual_nav/hand_solo_virtual_nav.egg-info/SOURCES.txt'
[2.350s] adding license file 'LICENSE'
[2.353s] writing manifest file '../build/hand_solo_virtual_nav/hand_solo_virtual_nav.egg-info/SOURCES.txt'
[2.353s] running build
[2.354s] running build_py
[2.355s] running install
[2.357s] running install_lib
[2.362s] running install_data
[2.363s] copying config/pa_slam_params.yaml -> /root/ros2_ws/IRS-Labx/install/hand_solo_virtual_nav/share/hand_solo_virtual_nav/config
[2.364s] running install_egg_info
[2.371s] removing '/root/ros2_ws/IRS-Labx/install/hand_solo_virtual_nav/lib/python3.10/site-packages/hand_solo_virtual_nav-0.0.0-py3.10.egg-info' (and everything under it)
[2.371s] Copying ../build/hand_solo_virtual_nav/hand_solo_virtual_nav.egg-info to /root/ros2_ws/IRS-Labx/install/hand_solo_virtual_nav/lib/python3.10/site-packages/hand_solo_virtual_nav-0.0.0-py3.10.egg-info
[2.375s] running install_scripts
[2.446s] Installing hs_waypoint_follower script to /root/ros2_ws/IRS-Labx/install/hand_solo_virtual_nav/lib/hand_solo_virtual_nav
[2.447s] writing list of installed files to '/root/ros2_ws/IRS-Labx/build/hand_solo_virtual_nav/install.log'
[2.527s] Invoked command in '/root/ros2_ws/IRS-Labx/hand_solo_virtual_nav' returned '0': PYTHONPATH=/root/ros2_ws/IRS-Labx/build/hand_solo_virtual_nav/prefix_override:/usr/lib/python3/dist-packages/colcon_core/task/python/colcon_distutils_commands:/root/ros2_ws/IRS-Labx/install/hand_solo_virtual_nav/lib/python3.10/site-packages:${PYTHONPATH} /usr/bin/python3 -W ignore:setup.py install is deprecated -W ignore:easy_install command is deprecated setup.py egg_info --egg-base ../build/hand_solo_virtual_nav build --build-base /root/ros2_ws/IRS-Labx/build/hand_solo_virtual_nav/build install --record /root/ros2_ws/IRS-Labx/build/hand_solo_virtual_nav/install.log --single-version-externally-managed install_data
