[1.479s] Invoking command in '/root/ros2_ws/IRS-Labx/pa_warehouse_status': PYTHONPATH=/root/ros2_ws/IRS-Labx/build/pa_warehouse_status/prefix_override:/usr/lib/python3/dist-packages/colcon_core/task/python/colcon_distutils_commands:/root/ros2_ws/IRS-Labx/install/pa_warehouse_status/lib/python3.10/site-packages:${PYTHONPATH} /usr/bin/python3 -W ignore:setup.py install is deprecated -W ignore:easy_install command is deprecated setup.py egg_info --egg-base ../build/pa_warehouse_status build --build-base /root/ros2_ws/IRS-Labx/build/pa_warehouse_status/build install --record /root/ros2_ws/IRS-Labx/build/pa_warehouse_status/install.log --single-version-externally-managed install_data
[1.887s] running egg_info
[1.888s] writing ../build/pa_warehouse_status/pa_warehouse_status.egg-info/PKG-INFO
[1.889s] writing dependency_links to ../build/pa_warehouse_status/pa_warehouse_status.egg-info/dependency_links.txt
[1.889s] writing entry points to ../build/pa_warehouse_status/pa_warehouse_status.egg-info/entry_points.txt
[1.890s] writing requirements to ../build/pa_warehouse_status/pa_warehouse_status.egg-info/requires.txt
[1.890s] writing top-level names to ../build/pa_warehouse_status/pa_warehouse_status.egg-info/top_level.txt
[1.892s] reading manifest file '../build/pa_warehouse_status/pa_warehouse_status.egg-info/SOURCES.txt'
[1.893s] adding license file 'LICENSE'
[1.893s] writing manifest file '../build/pa_warehouse_status/pa_warehouse_status.egg-info/SOURCES.txt'
[1.894s] running build
[1.894s] running build_py
[1.894s] copying pa_warehouse_status/plc_hmi_listener.py -> /root/ros2_ws/IRS-Labx/build/pa_warehouse_status/build/lib/pa_warehouse_status
[1.895s] running install
[1.895s] running install_lib
[1.896s] copying /root/ros2_ws/IRS-Labx/build/pa_warehouse_status/build/lib/pa_warehouse_status/plc_hmi_listener.py -> /root/ros2_ws/IRS-Labx/install/pa_warehouse_status/lib/python3.10/site-packages/pa_warehouse_status
[1.897s] byte-compiling /root/ros2_ws/IRS-Labx/install/pa_warehouse_status/lib/python3.10/site-packages/pa_warehouse_status/plc_hmi_listener.py to plc_hmi_listener.cpython-310.pyc
[1.898s] running install_data
[1.899s] running install_egg_info
[1.902s] removing '/root/ros2_ws/IRS-Labx/install/pa_warehouse_status/lib/python3.10/site-packages/pa_warehouse_status-0.0.0-py3.10.egg-info' (and everything under it)
[1.902s] Copying ../build/pa_warehouse_status/pa_warehouse_status.egg-info to /root/ros2_ws/IRS-Labx/install/pa_warehouse_status/lib/python3.10/site-packages/pa_warehouse_status-0.0.0-py3.10.egg-info
[1.903s] running install_scripts
[1.963s] Installing pineapple_gossip_bot script to /root/ros2_ws/IRS-Labx/install/pa_warehouse_status/lib/pa_warehouse_status
[1.965s] Installing plc_hmi_listener script to /root/ros2_ws/IRS-Labx/install/pa_warehouse_status/lib/pa_warehouse_status
[1.966s] writing list of installed files to '/root/ros2_ws/IRS-Labx/build/pa_warehouse_status/install.log'
[2.020s] Invoked command in '/root/ros2_ws/IRS-Labx/pa_warehouse_status' returned '0': PYTHONPATH=/root/ros2_ws/IRS-Labx/build/pa_warehouse_status/prefix_override:/usr/lib/python3/dist-packages/colcon_core/task/python/colcon_distutils_commands:/root/ros2_ws/IRS-Labx/install/pa_warehouse_status/lib/python3.10/site-packages:${PYTHONPATH} /usr/bin/python3 -W ignore:setup.py install is deprecated -W ignore:easy_install command is deprecated setup.py egg_info --egg-base ../build/pa_warehouse_status build --build-base /root/ros2_ws/IRS-Labx/build/pa_warehouse_status/build install --record /root/ros2_ws/IRS-Labx/build/pa_warehouse_status/install.log --single-version-externally-managed install_data
