[1.700s] Invoking command in '/root/ros2_ws/IRS-Labx/hand_solo_virtual_nav': PYTHONPATH=/root/ros2_ws/IRS-Labx/build/hand_solo_virtual_nav/prefix_override:/usr/lib/python3/dist-packages/colcon_core/task/python/colcon_distutils_commands:/root/ros2_ws/IRS-Labx/install/hand_solo_virtual_nav/lib/python3.10/site-packages:${PYTHONPATH} /usr/bin/python3 -W ignore:setup.py install is deprecated -W ignore:easy_install command is deprecated setup.py egg_info --egg-base ../build/hand_solo_virtual_nav build --build-base /root/ros2_ws/IRS-Labx/build/hand_solo_virtual_nav/build install --record /root/ros2_ws/IRS-Labx/build/hand_solo_virtual_nav/install.log --single-version-externally-managed install_data
[2.060s] running egg_info
[2.061s] creating ../build/hand_solo_virtual_nav/hand_solo_virtual_nav.egg-info
[2.061s] writing ../build/hand_solo_virtual_nav/hand_solo_virtual_nav.egg-info/PKG-INFO
[2.062s] writing dependency_links to ../build/hand_solo_virtual_nav/hand_solo_virtual_nav.egg-info/dependency_links.txt
[2.062s] writing entry points to ../build/hand_solo_virtual_nav/hand_solo_virtual_nav.egg-info/entry_points.txt
[2.063s] writing requirements to ../build/hand_solo_virtual_nav/hand_solo_virtual_nav.egg-info/requires.txt
[2.063s] writing top-level names to ../build/hand_solo_virtual_nav/hand_solo_virtual_nav.egg-info/top_level.txt
[2.063s] writing manifest file '../build/hand_solo_virtual_nav/hand_solo_virtual_nav.egg-info/SOURCES.txt'
[2.066s] reading manifest file '../build/hand_solo_virtual_nav/hand_solo_virtual_nav.egg-info/SOURCES.txt'
[2.066s] adding license file 'LICENSE'
[2.067s] writing manifest file '../build/hand_solo_virtual_nav/hand_solo_virtual_nav.egg-info/SOURCES.txt'
[2.068s] running build
[2.068s] running build_py
[2.068s] creating /root/ros2_ws/IRS-Labx/build/hand_solo_virtual_nav/build
[2.069s] creating /root/ros2_ws/IRS-Labx/build/hand_solo_virtual_nav/build/lib
[2.069s] creating /root/ros2_ws/IRS-Labx/build/hand_solo_virtual_nav/build/lib/hand_solo_virtual_nav
[2.070s] copying hand_solo_virtual_nav/hs_waypoint_follower.py -> /root/ros2_ws/IRS-Labx/build/hand_solo_virtual_nav/build/lib/hand_solo_virtual_nav
[2.070s] copying hand_solo_virtual_nav/__init__.py -> /root/ros2_ws/IRS-Labx/build/hand_solo_virtual_nav/build/lib/hand_solo_virtual_nav
[2.071s] running install
[2.071s] running install_lib
[2.072s] creating /root/ros2_ws/IRS-Labx/install/hand_solo_virtual_nav/lib/python3.10/site-packages/hand_solo_virtual_nav
[2.072s] copying /root/ros2_ws/IRS-Labx/build/hand_solo_virtual_nav/build/lib/hand_solo_virtual_nav/hs_waypoint_follower.py -> /root/ros2_ws/IRS-Labx/install/hand_solo_virtual_nav/lib/python3.10/site-packages/hand_solo_virtual_nav
[2.072s] copying /root/ros2_ws/IRS-Labx/build/hand_solo_virtual_nav/build/lib/hand_solo_virtual_nav/__init__.py -> /root/ros2_ws/IRS-Labx/install/hand_solo_virtual_nav/lib/python3.10/site-packages/hand_solo_virtual_nav
[2.073s] byte-compiling /root/ros2_ws/IRS-Labx/install/hand_solo_virtual_nav/lib/python3.10/site-packages/hand_solo_virtual_nav/hs_waypoint_follower.py to hs_waypoint_follower.cpython-310.pyc
[2.074s] byte-compiling /root/ros2_ws/IRS-Labx/install/hand_solo_virtual_nav/lib/python3.10/site-packages/hand_solo_virtual_nav/__init__.py to __init__.cpython-310.pyc
[2.074s] running install_data
[2.074s] creating /root/ros2_ws/IRS-Labx/install/hand_solo_virtual_nav/share/ament_index
[2.074s] creating /root/ros2_ws/IRS-Labx/install/hand_solo_virtual_nav/share/ament_index/resource_index
[2.076s] creating /root/ros2_ws/IRS-Labx/install/hand_solo_virtual_nav/share/ament_index/resource_index/packages
[2.076s] copying resource/hand_solo_virtual_nav -> /root/ros2_ws/IRS-Labx/install/hand_solo_virtual_nav/share/ament_index/resource_index/packages
[2.076s] copying package.xml -> /root/ros2_ws/IRS-Labx/install/hand_solo_virtual_nav/share/hand_solo_virtual_nav
[2.076s] running install_egg_info
[2.080s] Copying ../build/hand_solo_virtual_nav/hand_solo_virtual_nav.egg-info to /root/ros2_ws/IRS-Labx/install/hand_solo_virtual_nav/lib/python3.10/site-packages/hand_solo_virtual_nav-0.0.0-py3.10.egg-info
[2.081s] running install_scripts
[2.120s] Installing hs_waypoint_follower script to /root/ros2_ws/IRS-Labx/install/hand_solo_virtual_nav/lib/hand_solo_virtual_nav
[2.120s] writing list of installed files to '/root/ros2_ws/IRS-Labx/build/hand_solo_virtual_nav/install.log'
[2.179s] Invoked command in '/root/ros2_ws/IRS-Labx/hand_solo_virtual_nav' returned '0': PYTHONPATH=/root/ros2_ws/IRS-Labx/build/hand_solo_virtual_nav/prefix_override:/usr/lib/python3/dist-packages/colcon_core/task/python/colcon_distutils_commands:/root/ros2_ws/IRS-Labx/install/hand_solo_virtual_nav/lib/python3.10/site-packages:${PYTHONPATH} /usr/bin/python3 -W ignore:setup.py install is deprecated -W ignore:easy_install command is deprecated setup.py egg_info --egg-base ../build/hand_solo_virtual_nav build --build-base /root/ros2_ws/IRS-Labx/build/hand_solo_virtual_nav/build install --record /root/ros2_ws/IRS-Labx/build/hand_solo_virtual_nav/install.log --single-version-externally-managed install_data
