[1.167s] Invoking command in '/root/ros2_ws/IRS-Labx/hand_solo_virtual_nav': PYTHONPATH=/root/ros2_ws/IRS-Labx/build/hand_solo_virtual_nav/prefix_override:/usr/lib/python3/dist-packages/colcon_core/task/python/colcon_distutils_commands:/root/ros2_ws/IRS-Labx/install/hand_solo_virtual_nav/lib/python3.10/site-packages:${PYTHONPATH} /usr/bin/python3 -W ignore:setup.py install is deprecated -W ignore:easy_install command is deprecated setup.py egg_info --egg-base ../build/hand_solo_virtual_nav build --build-base /root/ros2_ws/IRS-Labx/build/hand_solo_virtual_nav/build install --record /root/ros2_ws/IRS-Labx/build/hand_solo_virtual_nav/install.log --single-version-externally-managed install_data
[1.533s] running egg_info
[1.536s] writing ../build/hand_solo_virtual_nav/hand_solo_virtual_nav.egg-info/PKG-INFO
[1.540s] writing dependency_links to ../build/hand_solo_virtual_nav/hand_solo_virtual_nav.egg-info/dependency_links.txt
[1.540s] writing entry points to ../build/hand_solo_virtual_nav/hand_solo_virtual_nav.egg-info/entry_points.txt
[1.541s] writing requirements to ../build/hand_solo_virtual_nav/hand_solo_virtual_nav.egg-info/requires.txt
[1.541s] writing top-level names to ../build/hand_solo_virtual_nav/hand_solo_virtual_nav.egg-info/top_level.txt
[1.543s] reading manifest file '../build/hand_solo_virtual_nav/hand_solo_virtual_nav.egg-info/SOURCES.txt'
[1.544s] adding license file 'LICENSE'
[1.546s] writing manifest file '../build/hand_solo_virtual_nav/hand_solo_virtual_nav.egg-info/SOURCES.txt'
[1.547s] running build
[1.547s] running build_py
[1.547s] running install
[1.548s] running install_lib
[1.553s] running install_data
[1.553s] running install_egg_info
[1.558s] removing '/root/ros2_ws/IRS-Labx/install/hand_solo_virtual_nav/lib/python3.10/site-packages/hand_solo_virtual_nav-0.0.0-py3.10.egg-info' (and everything under it)
[1.558s] Copying ../build/hand_solo_virtual_nav/hand_solo_virtual_nav.egg-info to /root/ros2_ws/IRS-Labx/install/hand_solo_virtual_nav/lib/python3.10/site-packages/hand_solo_virtual_nav-0.0.0-py3.10.egg-info
[1.559s] running install_scripts
[1.601s] Installing hs_waypoint_follower script to /root/ros2_ws/IRS-Labx/install/hand_solo_virtual_nav/lib/hand_solo_virtual_nav
[1.602s] writing list of installed files to '/root/ros2_ws/IRS-Labx/build/hand_solo_virtual_nav/install.log'
[1.671s] Invoked command in '/root/ros2_ws/IRS-Labx/hand_solo_virtual_nav' returned '0': PYTHONPATH=/root/ros2_ws/IRS-Labx/build/hand_solo_virtual_nav/prefix_override:/usr/lib/python3/dist-packages/colcon_core/task/python/colcon_distutils_commands:/root/ros2_ws/IRS-Labx/install/hand_solo_virtual_nav/lib/python3.10/site-packages:${PYTHONPATH} /usr/bin/python3 -W ignore:setup.py install is deprecated -W ignore:easy_install command is deprecated setup.py egg_info --egg-base ../build/hand_solo_virtual_nav build --build-base /root/ros2_ws/IRS-Labx/build/hand_solo_virtual_nav/build install --record /root/ros2_ws/IRS-Labx/build/hand_solo_virtual_nav/install.log --single-version-externally-managed install_data
