[1.217s] Invoking command in '/root/ros2_ws/IRS-Labx/hand_solo_virtual_nav': PYTHONPATH=/root/ros2_ws/IRS-Labx/build/hand_solo_virtual_nav/prefix_override:/usr/lib/python3/dist-packages/colcon_core/task/python/colcon_distutils_commands:/root/ros2_ws/IRS-Labx/install/hand_solo_virtual_nav/lib/python3.10/site-packages:${PYTHONPATH} /usr/bin/python3 -W ignore:setup.py install is deprecated -W ignore:easy_install command is deprecated setup.py egg_info --egg-base ../build/hand_solo_virtual_nav build --build-base /root/ros2_ws/IRS-Labx/build/hand_solo_virtual_nav/build install --record /root/ros2_ws/IRS-Labx/build/hand_solo_virtual_nav/install.log --single-version-externally-managed install_data
[1.664s] running egg_info
[1.666s] writing ../build/hand_solo_virtual_nav/hand_solo_virtual_nav.egg-info/PKG-INFO
[1.666s] writing dependency_links to ../build/hand_solo_virtual_nav/hand_solo_virtual_nav.egg-info/dependency_links.txt
[1.666s] writing entry points to ../build/hand_solo_virtual_nav/hand_solo_virtual_nav.egg-info/entry_points.txt
[1.666s] writing requirements to ../build/hand_solo_virtual_nav/hand_solo_virtual_nav.egg-info/requires.txt
[1.667s] writing top-level names to ../build/hand_solo_virtual_nav/hand_solo_virtual_nav.egg-info/top_level.txt
[1.670s] reading manifest file '../build/hand_solo_virtual_nav/hand_solo_virtual_nav.egg-info/SOURCES.txt'
[1.670s] adding license file 'LICENSE'
[1.672s] writing manifest file '../build/hand_solo_virtual_nav/hand_solo_virtual_nav.egg-info/SOURCES.txt'
[1.673s] running build
[1.673s] running build_py
[1.673s] running install
[1.674s] running install_lib
[1.675s] running install_data
[1.675s] copying config/pa_nav2_params.yaml -> /root/ros2_ws/IRS-Labx/install/hand_solo_virtual_nav/share/hand_solo_virtual_nav/config
[1.676s] copying config/pa_slam_params.yaml -> /root/ros2_ws/IRS-Labx/install/hand_solo_virtual_nav/share/hand_solo_virtual_nav/config
[1.676s] creating /root/ros2_ws/IRS-Labx/install/hand_solo_virtual_nav/share/hand_solo_virtual_nav/map
[1.676s] copying map/map_1757919171.yaml -> /root/ros2_ws/IRS-Labx/install/hand_solo_virtual_nav/share/hand_solo_virtual_nav/map
[1.677s] copying map/map_1757919171.pgm -> /root/ros2_ws/IRS-Labx/install/hand_solo_virtual_nav/share/hand_solo_virtual_nav/map
[1.677s] running install_egg_info
[1.679s] removing '/root/ros2_ws/IRS-Labx/install/hand_solo_virtual_nav/lib/python3.10/site-packages/hand_solo_virtual_nav-0.0.0-py3.10.egg-info' (and everything under it)
[1.680s] Copying ../build/hand_solo_virtual_nav/hand_solo_virtual_nav.egg-info to /root/ros2_ws/IRS-Labx/install/hand_solo_virtual_nav/lib/python3.10/site-packages/hand_solo_virtual_nav-0.0.0-py3.10.egg-info
[1.681s] running install_scripts
[1.715s] Installing hs_waypoint_follower script to /root/ros2_ws/IRS-Labx/install/hand_solo_virtual_nav/lib/hand_solo_virtual_nav
[1.715s] writing list of installed files to '/root/ros2_ws/IRS-Labx/build/hand_solo_virtual_nav/install.log'
[1.763s] Invoked command in '/root/ros2_ws/IRS-Labx/hand_solo_virtual_nav' returned '0': PYTHONPATH=/root/ros2_ws/IRS-Labx/build/hand_solo_virtual_nav/prefix_override:/usr/lib/python3/dist-packages/colcon_core/task/python/colcon_distutils_commands:/root/ros2_ws/IRS-Labx/install/hand_solo_virtual_nav/lib/python3.10/site-packages:${PYTHONPATH} /usr/bin/python3 -W ignore:setup.py install is deprecated -W ignore:easy_install command is deprecated setup.py egg_info --egg-base ../build/hand_solo_virtual_nav build --build-base /root/ros2_ws/IRS-Labx/build/hand_solo_virtual_nav/build install --record /root/ros2_ws/IRS-Labx/build/hand_solo_virtual_nav/install.log --single-version-externally-managed install_data
